<?xml version="1.0" encoding="UTF-8"?>
<testng-results ignored="0" total="3" passed="2" failed="1" skipped="0">
  <reporter-output>
  </reporter-output>
  <suite started-at="2022-06-24T18:04:25 IST" name="Default suite" finished-at="2022-06-24T18:05:16 IST" duration-ms="51458">
    <groups>
    </groups>
    <test started-at="2022-06-24T18:04:25 IST" name="Default test" finished-at="2022-06-24T18:05:16 IST" duration-ms="51458">
      <class name="Test.ForgotPageTest">
        <test-method is-config="true" signature="browser()[pri:0, instance:Test.ForgotPageTest@6e20b53a]" started-at="2022-06-24T18:04:25 IST" name="browser" finished-at="2022-06-24T18:04:48 IST" duration-ms="23469" status="PASS">
          <reporter-output>
          </reporter-output>
        </test-method> <!-- browser -->
        <test-method signature="ForgotPassword()[pri:0, instance:Test.ForgotPageTest@6e20b53a]" started-at="2022-06-24T18:04:48 IST" name="ForgotPassword" finished-at="2022-06-24T18:04:48 IST" duration-ms="9" status="FAIL">
          <exception class="java.lang.Error">
            <message>
              <![CDATA[Unresolved compilation problem: 
The method EnterPanNumber(String) is undefined for the type ZerodhaforgetPage
]]>
            </message>
            <full-stacktrace>
              <![CDATA[java.lang.Error: Unresolved compilation problem: 
The method EnterPanNumber(String) is undefined for the type ZerodhaforgetPage

at Test.ForgotPageTest.ForgotPassword(ForgotPageTest.java:47)
at java.base/jdk.internal.reflect.NativeMethodAccessorImpl.invoke0(Native Method)
at java.base/jdk.internal.reflect.NativeMethodAccessorImpl.invoke(NativeMethodAccessorImpl.java:77)
at java.base/jdk.internal.reflect.DelegatingMethodAccessorImpl.invoke(DelegatingMethodAccessorImpl.java:43)
at java.base/java.lang.reflect.Method.invoke(Method.java:568)
at org.testng.internal.MethodInvocationHelper.invokeMethod(MethodInvocationHelper.java:133)
at org.testng.internal.TestInvoker.invokeMethod(TestInvoker.java:598)
at org.testng.internal.TestInvoker.invokeTestMethod(TestInvoker.java:173)
at org.testng.internal.MethodRunner.runInSequence(MethodRunner.java:46)
at org.testng.internal.TestInvoker$MethodInvocationAgent.invoke(TestInvoker.java:824)
at org.testng.internal.TestInvoker.invokeTestMethods(TestInvoker.java:146)
at org.testng.internal.TestMethodWorker.invokeTestMethods(TestMethodWorker.java:146)
at org.testng.internal.TestMethodWorker.run(TestMethodWorker.java:128)
at java.base/java.util.ArrayList.forEach(ArrayList.java:1511)
at org.testng.TestRunner.privateRun(TestRunner.java:794)
at org.testng.TestRunner.run(TestRunner.java:596)
at org.testng.SuiteRunner.runTest(SuiteRunner.java:377)
at org.testng.SuiteRunner.runSequentially(SuiteRunner.java:371)
at org.testng.SuiteRunner.privateRun(SuiteRunner.java:332)
at org.testng.SuiteRunner.run(SuiteRunner.java:276)
at org.testng.SuiteRunnerWorker.runSuite(SuiteRunnerWorker.java:53)
at org.testng.SuiteRunnerWorker.run(SuiteRunnerWorker.java:96)
at org.testng.TestNG.runSuitesSequentially(TestNG.java:1212)
at org.testng.TestNG.runSuitesLocally(TestNG.java:1134)
at org.testng.TestNG.runSuites(TestNG.java:1063)
at org.testng.TestNG.run(TestNG.java:1031)
at org.testng.remote.AbstractRemoteTestNG.run(AbstractRemoteTestNG.java:115)
at org.testng.remote.RemoteTestNG.initAndRun(RemoteTestNG.java:251)
at org.testng.remote.RemoteTestNG.main(RemoteTestNG.java:77)
]]>
            </full-stacktrace>
          </exception> <!-- java.lang.Error -->
          <reporter-output>
          </reporter-output>
        </test-method> <!-- ForgotPassword -->
        <test-method is-config="true" signature="browser()[pri:0, instance:Test.ForgotPageTest@6e20b53a]" started-at="2022-06-24T18:04:49 IST" name="browser" finished-at="2022-06-24T18:05:05 IST" duration-ms="16587" status="PASS">
          <reporter-output>
          </reporter-output>
        </test-method> <!-- browser -->
        <test-method signature="classtest()[pri:0, instance:Test.ForgotPageTest@6e20b53a]" started-at="2022-06-24T18:05:05 IST" name="classtest" finished-at="2022-06-24T18:05:05 IST" duration-ms="3" status="PASS">
          <reporter-output>
          </reporter-output>
        </test-method> <!-- classtest -->
        <test-method is-config="true" signature="browser()[pri:0, instance:Test.ForgotPageTest@6e20b53a]" started-at="2022-06-24T18:05:05 IST" name="browser" finished-at="2022-06-24T18:05:16 IST" duration-ms="10812" status="PASS">
          <reporter-output>
          </reporter-output>
        </test-method> <!-- browser -->
        <test-method signature="newtest()[pri:0, instance:Test.ForgotPageTest@6e20b53a]" started-at="2022-06-24T18:05:16 IST" name="newtest" finished-at="2022-06-24T18:05:16 IST" duration-ms="2" status="PASS">
          <reporter-output>
          </reporter-output>
        </test-method> <!-- newtest -->
      </class> <!-- Test.ForgotPageTest -->
    </test> <!-- Default test -->
  </suite> <!-- Default suite -->
</testng-results>
